Determining if the pthread_create exist failed with the following output:
Change Dir: /home/peko/tfg_git/code/learning/ROS/build/CMakeFiles/CMakeTmp

Run Build Command:/usr/bin/make "cmTryCompileExec2869342230/fast"
/usr/bin/make -f CMakeFiles/cmTryCompileExec2869342230.dir/build.make CMakeFiles/cmTryCompileExec2869342230.dir/build
make[1]: Entering directory `/home/peko/tfg_git/code/learning/ROS/build/CMakeFiles/CMakeTmp'
/usr/bin/cmake -E cmake_progress_report /home/peko/tfg_git/code/learning/ROS/build/CMakeFiles/CMakeTmp/CMakeFiles 1
Building C object CMakeFiles/cmTryCompileExec2869342230.dir/CheckSymbolExists.c.o
/usr/bin/cc    -o CMakeFiles/cmTryCompileExec2869342230.dir/CheckSymbolExists.c.o   -c /home/peko/tfg_git/code/learning/ROS/build/CMakeFiles/CMakeTmp/CheckSymbolExists.c
Linking C executable cmTryCompileExec2869342230
/usr/bin/cmake -E cmake_link_script CMakeFiles/cmTryCompileExec2869342230.dir/link.txt --verbose=1
/usr/bin/cc         CMakeFiles/cmTryCompileExec2869342230.dir/CheckSymbolExists.c.o  -o cmTryCompileExec2869342230 -rdynamic 
CMakeFiles/cmTryCompileExec2869342230.dir/CheckSymbolExists.c.o: In function `main':
CheckSymbolExists.c:(.text+0x16): undefined reference to `pthread_create'
collect2: error: ld returned 1 exit status
make[1]: *** [cmTryCompileExec2869342230] Error 1
make[1]: Leaving directory `/home/peko/tfg_git/code/learning/ROS/build/CMakeFiles/CMakeTmp'
make: *** [cmTryCompileExec2869342230/fast] Error 2

File /home/peko/tfg_git/code/learning/ROS/build/CMakeFiles/CMakeTmp/CheckSymbolExists.c:
/* */
#include <pthread.h>

int main(int argc, char** argv)
{
  (void)argv;
#ifndef pthread_create
  return ((int*)(&pthread_create))[argc];
#else
  (void)argc;
  return 0;
#endif
}

Determining if the function pthread_create exists in the pthreads failed with the following output:
Change Dir: /home/peko/tfg_git/code/learning/ROS/build/CMakeFiles/CMakeTmp

Run Build Command:/usr/bin/make "cmTryCompileExec3059473411/fast"
/usr/bin/make -f CMakeFiles/cmTryCompileExec3059473411.dir/build.make CMakeFiles/cmTryCompileExec3059473411.dir/build
make[1]: Entering directory `/home/peko/tfg_git/code/learning/ROS/build/CMakeFiles/CMakeTmp'
/usr/bin/cmake -E cmake_progress_report /home/peko/tfg_git/code/learning/ROS/build/CMakeFiles/CMakeTmp/CMakeFiles 1
Building C object CMakeFiles/cmTryCompileExec3059473411.dir/CheckFunctionExists.c.o
/usr/bin/cc   -DCHECK_FUNCTION_EXISTS=pthread_create   -o CMakeFiles/cmTryCompileExec3059473411.dir/CheckFunctionExists.c.o   -c /usr/share/cmake-2.8/Modules/CheckFunctionExists.c
Linking C executable cmTryCompileExec3059473411
/usr/bin/cmake -E cmake_link_script CMakeFiles/cmTryCompileExec3059473411.dir/link.txt --verbose=1
/usr/bin/cc     -DCHECK_FUNCTION_EXISTS=pthread_create    CMakeFiles/cmTryCompileExec3059473411.dir/CheckFunctionExists.c.o  -o cmTryCompileExec3059473411 -rdynamic -lpthreads 
/usr/bin/ld: cannot find -lpthreads
collect2: error: ld returned 1 exit status
make[1]: *** [cmTryCompileExec3059473411] Error 1
make[1]: Leaving directory `/home/peko/tfg_git/code/learning/ROS/build/CMakeFiles/CMakeTmp'
make: *** [cmTryCompileExec3059473411/fast] Error 2


